<?xml version="1.0" encoding="UTF-8"?>
<!-- Generated by org.testng.reporters.JUnitReportReporter -->
<testsuite skipped="0" hostname="BTM-FAC-PC" name="com.actitime.test.InvalidLogin" tests="2" failures="0" timestamp="12 Aug 2017 11:03:25 GMT" time="37.980" errors="0">
  <testcase name="testInvalidLogin" time="17.443" classname="com.actitime.test.InvalidLogin"/>
  <testcase name="testInvalidLogin" time="20.537" classname="com.actitime.test.InvalidLogin"/>
</testsuite> <!-- com.actitime.test.InvalidLogin -->
