<?xml version="1.0" encoding="UTF-8"?>
<!-- Generated by org.testng.reporters.JUnitReportReporter -->
<testsuite skipped="0" hostname="BTM-FAC-PC" name="com.actitime.test.VerifyProductVersion" tests="2" failures="0" timestamp="12 Aug 2017 11:03:25 GMT" time="31.233" errors="0">
  <testcase name="testVerifyProductVersion" time="16.434" classname="com.actitime.test.VerifyProductVersion"/>
  <testcase name="testVerifyProductVersion" time="14.799" classname="com.actitime.test.VerifyProductVersion"/>
</testsuite> <!-- com.actitime.test.VerifyProductVersion -->
