<?xml version="1.0" encoding="UTF-8"?>
<!-- Generated by org.testng.reporters.JUnitReportReporter -->
<testsuite skipped="0" hostname="BTM-FAC-PC" name="com.actitime.test.ValidLogin" tests="2" failures="0" timestamp="12 Aug 2017 11:03:25 GMT" time="28.499" errors="0">
  <testcase name="testValidLogin" time="17.534" classname="com.actitime.test.ValidLogin"/>
  <testcase name="testValidLogin" time="10.965" classname="com.actitime.test.ValidLogin"/>
</testsuite> <!-- com.actitime.test.ValidLogin -->
